Logger, LADZERON:         	Automatically truncated logfile to 1048576, MadelineProto 8.0.0-beta187
CheckLoop, LADZERON:      	Still missing updates.getChannelDifference, updates.getChannelDifference, updates.getChannelDifference,  on DC 2.0, sending state request
CheckLoop, LADZERON:      	Message updates.getChannelDifference with message ID 7320220952246276300 sent 10 seconds ago not received by server, resending...
CheckLoop, LADZERON:      	Message updates.getChannelDifference with message ID 7320220952246322000 sent 10 seconds ago not received by server, resending...
CheckLoop, LADZERON:      	Message updates.getChannelDifference with message ID 7320220952246965004 sent 10 seconds ago not received by server, resending...
FeedLoop, LADZERON:       	Getdiff fed me message of type message in update feed loop channel 1423359812...
FeedLoop, LADZERON:       	Getdiff fed me message of type message in update feed loop channel 1423359812...
FeedLoop, LADZERON:       	Resumed update feed loop channel 1423359812
UpdateHandler, LADZERON:  	Saving update of type updateNewChannelMessage
UpdateHandler, LADZERON:  	Saving update of type updateNewChannelMessage
UpdateHandler, LADZERON:  	Saving update of type updateEditChannelMessage
Session, LADZERON:        	Garbage collected 208 incoming messages in DC 2, 0 left
Session, LADZERON:        	Garbage collected 200 outgoing messages in DC 2, 0 left
MsgIdHandler, LADZERON:   	Zend hashmap reallocation done. Cleaned memory: 0.2 Mb
FeedLoop, LADZERON:       	Resumed update feed loop channel 1885954371
FeedLoop, LADZERON:       	Got channel too long update, getting difference...
FeedLoop, LADZERON:       	Resumed update feed loop channel 1439848600
FeedLoop, LADZERON:       	Got channel too long update, getting difference...
FeedLoop, LADZERON:       	Resumed update feed loop channel 1868356483
FeedLoop, LADZERON:       	Got channel too long update, getting difference...
FeedLoop, LADZERON:       	Resumed update feed loop channel 1242446516
FeedLoop, LADZERON:       	Got channel too long update, getting difference...
FeedLoop, LADZERON:       	Resumed update feed loop channel 1399067835
FeedLoop, LADZERON:       	Got channel too long update, getting difference...
FeedLoop, LADZERON:       	Resumed update feed loop channel 1613268497
FeedLoop, LADZERON:       	Got channel too long update, getting difference...
FeedLoop, LADZERON:       	Resumed update feed loop channel 1700082259
FeedLoop, LADZERON:       	Got channel too long update, getting difference...
FeedLoop, LADZERON:       	Resumed update feed loop channel 1369521679
FeedLoop, LADZERON:       	Got channel too long update, getting difference...
FeedLoop, LADZERON:       	Resumed update feed loop channel 1697202408
FeedLoop, LADZERON:       	Got channel too long update, getting difference...
FeedLoop, LADZERON:       	Resumed update feed loop channel 1422174102
FeedLoop, LADZERON:       	Got channel too long update, getting difference...
FeedLoop, LADZERON:       	Resumed update feed loop channel 1756593099
FeedLoop, LADZERON:       	Got channel too long update, getting difference...
FeedLoop, LADZERON:       	Resumed update feed loop channel 1089439106
FeedLoop, LADZERON:       	Got channel too long update, getting difference...
FeedLoop, LADZERON:       	Resumed update feed loop channel 1706517014
FeedLoop, LADZERON:       	Got channel too long update, getting difference...
FeedLoop, LADZERON:       	Resumed update feed loop channel 1666702584
FeedLoop, LADZERON:       	Got channel too long update, getting difference...
FeedLoop, LADZERON:       	Resumed update feed loop channel 1123683328
FeedLoop, LADZERON:       	Got channel too long update, getting difference...
FeedLoop, LADZERON:       	Resumed update feed loop channel 1714750606
FeedLoop, LADZERON:       	Got channel too long update, getting difference...
FeedLoop, LADZERON:       	Resumed update feed loop channel 1526567674
FeedLoop, LADZERON:       	Got channel too long update, getting difference...
FeedLoop, LADZERON:       	Resumed update feed loop channel 1286500534
FeedLoop, LADZERON:       	Got channel too long update, getting difference...
FeedLoop, LADZERON:       	Resumed update feed loop channel 1283644155
FeedLoop, LADZERON:       	Got channel too long update, getting difference...
FeedLoop, LADZERON:       	Resumed update feed loop channel 1198589840
FeedLoop, LADZERON:       	Got channel too long update, getting difference...
FeedLoop, LADZERON:       	Resumed update feed loop channel 1416959459
FeedLoop, LADZERON:       	Got channel too long update, getting difference...
FeedLoop, LADZERON:       	Resumed update feed loop channel 1237513492
FeedLoop, LADZERON:       	Got channel too long update, getting difference...
FeedLoop, LADZERON:       	Resumed update feed loop channel 1976204263
FeedLoop, LADZERON:       	Got channel too long update, getting difference...
FeedLoop, LADZERON:       	Resumed update feed loop channel 1233777422
FeedLoop, LADZERON:       	Got channel too long update, getting difference...
FeedLoop, LADZERON:       	Resumed update feed loop channel 1366549366
FeedLoop, LADZERON:       	Got channel too long update, getting difference...
FeedLoop, LADZERON:       	Resumed update feed loop channel 1641352096
FeedLoop, LADZERON:       	Got channel too long update, getting difference...
FeedLoop, LADZERON:       	Resumed update feed loop channel 1438194508
FeedLoop, LADZERON:       	Got channel too long update, getting difference...
FeedLoop, LADZERON:       	Resumed update feed loop channel 1503191216
FeedLoop, LADZERON:       	Got channel too long update, getting difference...
FeedLoop, LADZERON:       	Resumed update feed loop channel 1725143893
FeedLoop, LADZERON:       	Got channel too long update, getting difference...
FeedLoop, LADZERON:       	Resumed update feed loop channel 1073531022
FeedLoop, LADZERON:       	Got channel too long update, getting difference...
FeedLoop, LADZERON:       	Resumed update feed loop channel 1802360559
FeedLoop, LADZERON:       	Got channel too long update, getting difference...
FeedLoop, LADZERON:       	Resumed update feed loop channel 1407781851
FeedLoop, LADZERON:       	Got channel too long update, getting difference...
FeedLoop, LADZERON:       	Resumed update feed loop channel 1134948258
FeedLoop, LADZERON:       	Got channel too long update, getting difference...
FeedLoop, LADZERON:       	Resumed update feed loop channel 1530545942
FeedLoop, LADZERON:       	Got channel too long update, getting difference...
FeedLoop, LADZERON:       	Resumed update feed loop channel 1198474731
FeedLoop, LADZERON:       	Got channel too long update, getting difference...
FeedLoop, LADZERON:       	Resumed update feed loop channel 1487098807
FeedLoop, LADZERON:       	Got channel too long update, getting difference...
FeedLoop, LADZERON:       	Resumed update feed loop channel 1672338896
FeedLoop, LADZERON:       	Got channel too long update, getting difference...
FeedLoop, LADZERON:       	Resumed update feed loop channel 1213857563
FeedLoop, LADZERON:       	Got channel too long update, getting difference...
FeedLoop, LADZERON:       	Resumed update feed loop channel 1867382165
FeedLoop, LADZERON:       	Got channel too long update, getting difference...
FeedLoop, LADZERON:       	Resumed update feed loop channel 1166834860
FeedLoop, LADZERON:       	Got channel too long update, getting difference...
FeedLoop, LADZERON:       	Resumed update feed loop channel 1423359812
FeedLoop, LADZERON:       	Got channel too long update, getting difference...
FeedLoop, LADZERON:       	Resumed update feed loop channel 1765605498
FeedLoop, LADZERON:       	Got channel too long update, getting difference...
FeedLoop, LADZERON:       	Resumed update feed loop channel 1340596957
FeedLoop, LADZERON:       	Got channel too long update, getting difference...
FeedLoop, LADZERON:       	Resumed update feed loop channel 1280735797
FeedLoop, LADZERON:       	Got channel too long update, getting difference...
FeedLoop, LADZERON:       	Resumed update feed loop channel 1536630827
FeedLoop, LADZERON:       	Got channel too long update, getting difference...
FeedLoop, LADZERON:       	Resumed update feed loop channel 1308729127
FeedLoop, LADZERON:       	Got channel too long update, getting difference...
FeedLoop, LADZERON:       	Resumed update feed loop channel 1307866449
FeedLoop, LADZERON:       	Got channel too long update, getting difference...
FeedLoop, LADZERON:       	Resumed update feed loop channel 1754252633
FeedLoop, LADZERON:       	Got channel too long update, getting difference...
FeedLoop, LADZERON:       	Resumed update feed loop channel 1641130055
FeedLoop, LADZERON:       	Got channel too long update, getting difference...
FeedLoop, LADZERON:       	Resumed update feed loop channel 1320752025
FeedLoop, LADZERON:       	Got channel too long update, getting difference...
FeedLoop, LADZERON:       	Resumed update feed loop channel 1914757170
FeedLoop, LADZERON:       	Got channel too long update, getting difference...
FeedLoop, LADZERON:       	Resumed update feed loop channel 1660444164
FeedLoop, LADZERON:       	Got channel too long update, getting difference...
FeedLoop, LADZERON:       	Resumed update feed loop channel 1352726486
FeedLoop, LADZERON:       	Got channel too long update, getting difference...
FeedLoop, LADZERON:       	Resumed update feed loop channel 1736151536
FeedLoop, LADZERON:       	Got channel too long update, getting difference...
FeedLoop, LADZERON:       	Resumed update feed loop channel 1226060549
FeedLoop, LADZERON:       	Got channel too long update, getting difference...
FeedLoop, LADZERON:       	Resumed update feed loop channel 1220752780
FeedLoop, LADZERON:       	Resumed update feed loop channel 1400242792
FeedLoop, LADZERON:       	Resumed update feed loop channel 1240958027
FeedLoop, LADZERON:       	Resumed update feed loop channel 1306200946
FeedLoop, LADZERON:       	Resumed update feed loop channel 1398573289
FeedLoop, LADZERON:       	Resumed update feed loop channel 1484624026
FeedLoop, LADZERON:       	Resumed update feed loop channel 1528268872
FeedLoop, LADZERON:       	Resumed update feed loop channel 1403372074
FeedLoop, LADZERON:       	Resumed update feed loop channel 1783748274
FeedLoop, LADZERON:       	Resumed update feed loop channel 1299224599
FeedLoop, LADZERON:       	Resumed update feed loop channel 1427298860
FeedLoop, LADZERON:       	Resumed update feed loop channel 1111567757
FeedLoop, LADZERON:       	Resumed update feed loop channel 1136514497
FeedLoop, LADZERON:       	Resumed update feed loop channel 1813594514
FeedLoop, LADZERON:       	Resumed update feed loop channel 1529582936
FeedLoop, LADZERON:       	Resumed update feed loop channel 1571267102
FeedLoop, LADZERON:       	Resumed update feed loop generic
UpdateHandler, LADZERON:  	Saving update of type updateReadChannelInbox
UpdateHandler, LADZERON:  	Saving update of type updateReadChannelInbox
Session, LADZERON:        	Garbage collected 198 incoming messages in DC 2, 0 left
Session, LADZERON:        	Garbage collected 215 outgoing messages in DC 2, 0 left
MsgIdHandler, LADZERON:   	Zend hashmap reallocation done. Cleaned memory: 0.2 Mb
UpdateHandler, LADZERON:  	Parsing updates (updateShort) received via the socket...
FeedLoop, LADZERON:       	Resumed update feed loop generic
UpdateHandler, LADZERON:  	Saving update of type updateMessagePoll
UpdateHandler, LADZERON:  	Parsing updates (updateShort) received via the socket...
FeedLoop, LADZERON:       	Resumed update feed loop generic
UpdateHandler, LADZERON:  	Saving update of type updateChannelMessageViews
UpdateHandler, LADZERON:  	Parsing updates (updateShort) received via the socket...
FeedLoop, LADZERON:       	Resumed update feed loop generic
UpdateHandler, LADZERON:  	Saving update of type updateChannelMessageViews
Session, LADZERON:        	Garbage collected 175 incoming messages in DC 2, 0 left
Session, LADZERON:        	Garbage collected 165 outgoing messages in DC 2, 0 left
MsgIdHandler, LADZERON:   	Zend hashmap reallocation done. Cleaned memory: 0.2 Mb
SessionPaths, LADZERON:   	Waiting for exclusive lock of /var/www/html/session.madeline/safe.php.lock...
SessionPaths, LADZERON:   	Got exclusive lock of /var/www/html/session.madeline/safe.php.lock...
SessionPaths, LADZERON:   	Waiting for exclusive lock of /var/www/html/session.madeline/lightState.php.lock...
SessionPaths, LADZERON:   	Got exclusive lock of /var/www/html/session.madeline/lightState.php.lock...
APIWrapper, LADZERON:     	Saved session!
Session, LADZERON:        	Garbage collected 172 incoming messages in DC 2, 0 left
Session, LADZERON:        	Garbage collected 181 outgoing messages in DC 2, 0 left
MsgIdHandler, LADZERON:   	Zend hashmap reallocation done. Cleaned memory: 0.2 Mb
UpdateHandler, LADZERON:  	Parsing updates (updates) received via the socket...
SeqLoop, LADZERON:        	Was fed updates of type updates...
UpdateHandler, LADZERON:  	Parsing updates (updates) received via the socket...
SeqLoop, LADZERON:        	Was fed updates of type updates...
FeedLoop, LADZERON:       	Resumed update feed loop channel 1660444164
UpdateHandler, LADZERON:  	Saving update of type updateNewChannelMessage
FeedLoop, LADZERON:       	Resumed update feed loop channel 1660444164
UpdateHandler, LADZERON:  	Saving update of type updateEditChannelMessage
FeedLoop, LADZERON:       	Resumed update feed loop channel 1660444164
FeedLoop, LADZERON:       	Got channel too long update, getting difference...
Session, LADZERON:        	Garbage collected 172 incoming messages in DC 2, 0 left
Session, LADZERON:        	Garbage collected 170 outgoing messages in DC 2, 0 left
MsgIdHandler, LADZERON:   	Zend hashmap reallocation done. Cleaned memory: 0.2 Mb
UpdateHandler, LADZERON:  	Parsing updates (updateShort) received via the socket...
FeedLoop, LADZERON:       	Resumed update feed loop generic
UpdateHandler, LADZERON:  	Saving update of type updateMessagePoll
UpdateHandler, LADZERON:  	Parsing updates (updateShort) received via the socket...
UpdateHandler, LADZERON:  	Parsing updates (updates) received via the socket...
SeqLoop, LADZERON:        	Was fed updates of type updates...
FeedLoop, LADZERON:       	Resumed update feed loop generic
UpdateHandler, LADZERON:  	Saving update of type updateUserStatus
UpdateHandler, LADZERON:  	Parsing updates (updates) received via the socket...
SeqLoop, LADZERON:        	Was fed updates of type updates...
FeedLoop, LADZERON:       	Resumed update feed loop channel 1660444164
UpdateHandler, LADZERON:  	Saving update of type updateEditChannelMessage
FeedLoop, LADZERON:       	Resumed update feed loop channel 1423359812
UpdateHandler, LADZERON:  	Saving update of type updateEditChannelMessage
PingLoop, LADZERON:       	Ping DC 2.0
Session, LADZERON:        	Garbage collected 161 incoming messages in DC 2, 0 left
Session, LADZERON:        	Garbage collected 172 outgoing messages in DC 2, 1 left
MsgIdHandler, LADZERON:   	Zend hashmap reallocation done. Cleaned memory: 0.2 Mb
UpdateHandler, LADZERON:  	Parsing updates (updateShort) received via the socket...
FeedLoop, LADZERON:       	Resumed update feed loop generic
UpdateHandler, LADZERON:  	Saving update of type updateChannelUserTyping
FeedLoop, LADZERON:       	Resumed update feed loop channel 1423359812
FeedLoop, LADZERON:       	Got channel too long update, getting difference...
SessionPaths, LADZERON:   	Waiting for exclusive lock of /var/www/html/session.madeline/safe.php.lock...
SessionPaths, LADZERON:   	Got exclusive lock of /var/www/html/session.madeline/safe.php.lock...
SessionPaths, LADZERON:   	Waiting for exclusive lock of /var/www/html/session.madeline/lightState.php.lock...
SessionPaths, LADZERON:   	Got exclusive lock of /var/www/html/session.madeline/lightState.php.lock...
APIWrapper, LADZERON:     	Saved session!
UpdateHandler, LADZERON:  	Parsing updates (updateShort) received via the socket...
UpdateHandler, LADZERON:  	Parsing updates (updateShort) received via the socket...
FeedLoop, LADZERON:       	Resumed update feed loop generic
UpdateHandler, LADZERON:  	Saving update of type updateUserStatus
UpdateHandler, LADZERON:  	Saving update of type updateMessagePoll
Session, LADZERON:        	Garbage collected 167 incoming messages in DC 2, 0 left
Session, LADZERON:        	Garbage collected 173 outgoing messages in DC 2, 0 left
MsgIdHandler, LADZERON:   	Zend hashmap reallocation done. Cleaned memory: 0.2 Mb
Session, LADZERON:        	Garbage collected 164 incoming messages in DC 2, 0 left
Session, LADZERON:        	Garbage collected 181 outgoing messages in DC 2, 0 left
MsgIdHandler, LADZERON:   	Zend hashmap reallocation done. Cleaned memory: 0.2 Mb
Session, LADZERON:        	Garbage collected 176 incoming messages in DC 2, 0 left
Session, LADZERON:        	Garbage collected 184 outgoing messages in DC 2, 0 left
MsgIdHandler, LADZERON:   	Zend hashmap reallocation done. Cleaned memory: 0.2 Mb
UpdateHandler, LADZERON:  	Parsing updates (updates) received via the socket...
SeqLoop, LADZERON:        	Was fed updates of type updates...
FeedLoop, LADZERON:       	Resumed update feed loop channel 1571267102
UpdateHandler, LADZERON:  	Saving update of type updateEditChannelMessage
FeedLoop, LADZERON:       	Resumed update feed loop channel 1571267102
UpdateHandler, LADZERON:  	Saving update of type updateEditChannelMessage
FeedLoop, LADZERON:       	Resumed update feed loop channel 1571267102
FeedLoop, LADZERON:       	Got channel too long update, getting difference...
SessionPaths, LADZERON:   	Waiting for exclusive lock of /var/www/html/session.madeline/safe.php.lock...
SessionPaths, LADZERON:   	Got exclusive lock of /var/www/html/session.madeline/safe.php.lock...
SessionPaths, LADZERON:   	Waiting for exclusive lock of /var/www/html/session.madeline/lightState.php.lock...
SessionPaths, LADZERON:   	Got exclusive lock of /var/www/html/session.madeline/lightState.php.lock...
APIWrapper, LADZERON:     	Saved session!
UpdateHandler, LADZERON:  	Parsing updates (updateShort) received via the socket...
FeedLoop, LADZERON:       	Resumed update feed loop generic
UpdateHandler, LADZERON:  	Saving update of type updateUserStatus
UpdateHandler, LADZERON:  	Parsing updates (updateShort) received via the socket...
FeedLoop, LADZERON:       	Resumed update feed loop generic
UpdateHandler, LADZERON:  	Saving update of type updateUserStatus
Session, LADZERON:        	Garbage collected 167 incoming messages in DC 2, 0 left
Session, LADZERON:        	Garbage collected 167 outgoing messages in DC 2, 0 left
MsgIdHandler, LADZERON:   	Zend hashmap reallocation done. Cleaned memory: 0.2 Mb
Session, LADZERON:        	Garbage collected 172 incoming messages in DC 2, 0 left
Session, LADZERON:        	Garbage collected 175 outgoing messages in DC 2, 0 left
MsgIdHandler, LADZERON:   	Zend hashmap reallocation done. Cleaned memory: 0.2 Mb
UpdateHandler, LADZERON:  	Parsing updates (updateShort) received via the socket...
FeedLoop, LADZERON:       	Resumed update feed loop generic
UpdateHandler, LADZERON:  	Saving update of type updateUserStatus
FeedLoop, LADZERON:       	Resumed update feed loop channel 1307866449
FeedLoop, LADZERON:       	Got channel too long update, getting difference...
FeedLoop, LADZERON:       	Getdiff fed me message of type message in update feed loop channel 1307866449...
FeedLoop, LADZERON:       	Resumed update feed loop channel 1307866449
UpdateHandler, LADZERON:  	Saving update of type updateNewChannelMessage
UpdateHandler, LADZERON:  	Parsing updates (updateShort) received via the socket...
FeedLoop, LADZERON:       	Resumed update feed loop generic
UpdateHandler, LADZERON:  	Saving update of type updateUserStatus
UpdateHandler, LADZERON:  	Parsing updates (updates) received via the socket...
SeqLoop, LADZERON:        	Was fed updates of type updates...
FeedLoop, LADZERON:       	Resumed update feed loop channel 1307866449
PingLoop, LADZERON:       	Ping DC 2.0
Session, LADZERON:        	Garbage collected 179 incoming messages in DC 2, 0 left
Session, LADZERON:        	Garbage collected 190 outgoing messages in DC 2, 1 left
MsgIdHandler, LADZERON:   	Zend hashmap reallocation done. Cleaned memory: 0.2 Mb
GarbageCollector, LADZERON: 	gc_collect_cycles done. Cleaned memory: 0 Mb
SessionPaths, LADZERON:   	Waiting for exclusive lock of /var/www/html/session.madeline/safe.php.lock...
SessionPaths, LADZERON:   	Got exclusive lock of /var/www/html/session.madeline/safe.php.lock...
SessionPaths, LADZERON:   	Waiting for exclusive lock of /var/www/html/session.madeline/lightState.php.lock...
SessionPaths, LADZERON:   	Got exclusive lock of /var/www/html/session.madeline/lightState.php.lock...
APIWrapper, LADZERON:     	Saved session!
UpdateHandler, LADZERON:  	Parsing updates (updateShort) received via the socket...
UpdateHandler, LADZERON:  	Parsing updates (updateShort) received via the socket...
FeedLoop, LADZERON:       	Resumed update feed loop generic
UpdateHandler, LADZERON:  	Saving update of type updateUserStatus
UpdateHandler, LADZERON:  	Saving update of type updateMessagePoll
UpdateHandler, LADZERON:  	Parsing updates (updateShort) received via the socket...
FeedLoop, LADZERON:       	Resumed update feed loop generic
UpdateHandler, LADZERON:  	Saving update of type updateUserStatus
Session, LADZERON:        	Garbage collected 167 incoming messages in DC 2, 0 left
Session, LADZERON:        	Garbage collected 162 outgoing messages in DC 2, 0 left
MsgIdHandler, LADZERON:   	Zend hashmap reallocation done. Cleaned memory: 0.2 Mb
UpdateHandler, LADZERON:  	Parsing updates (updateShort) received via the socket...
FeedLoop, LADZERON:       	Resumed update feed loop generic
UpdateHandler, LADZERON:  	Saving update of type updateUserStatus
UpdateHandler, LADZERON:  	Parsing updates (updateShort) received via the socket...
UpdateHandler, LADZERON:  	Parsing updates (updateShort) received via the socket...
FeedLoop, LADZERON:       	Resumed update feed loop generic
UpdateHandler, LADZERON:  	Saving update of type updateUserStatus
FeedLoop, LADZERON:       	Resumed update feed loop channel 1192373108
UpdateHandler, LADZERON:  	Saving update of type updateDeleteChannelMessages
UpdateHandler, LADZERON:  	Parsing updates (updateShort) received via the socket...
FeedLoop, LADZERON:       	Resumed update feed loop generic
UpdateHandler, LADZERON:  	Saving update of type updateUserStatus
Session, LADZERON:        	Garbage collected 157 incoming messages in DC 2, 0 left
Session, LADZERON:        	Garbage collected 165 outgoing messages in DC 2, 0 left
MsgIdHandler, LADZERON:   	Zend hashmap reallocation done. Cleaned memory: 0.2 Mb
UpdateHandler, LADZERON:  	Parsing updates (updateShort) received via the socket...
FeedLoop, LADZERON:       	Resumed update feed loop generic
UpdateHandler, LADZERON:  	Saving update of type updateUserStatus
UpdateHandler, LADZERON:  	Parsing updates (updateShort) received via the socket...
FeedLoop, LADZERON:       	Resumed update feed loop generic
UpdateHandler, LADZERON:  	Saving update of type updateUserStatus
UpdateHandler, LADZERON:  	Parsing updates (updateShort) received via the socket...
FeedLoop, LADZERON:       	Resumed update feed loop generic
UpdateHandler, LADZERON:  	Saving update of type updateUserStatus
Session, LADZERON:        	Garbage collected 159 incoming messages in DC 2, 0 left
Session, LADZERON:        	Garbage collected 161 outgoing messages in DC 2, 0 left
MsgIdHandler, LADZERON:   	Zend hashmap reallocation done. Cleaned memory: 0.2 Mb
SessionPaths, LADZERON:   	Waiting for exclusive lock of /var/www/html/session.madeline/safe.php.lock...
SessionPaths, LADZERON:   	Got exclusive lock of /var/www/html/session.madeline/safe.php.lock...
SessionPaths, LADZERON:   	Waiting for exclusive lock of /var/www/html/session.madeline/lightState.php.lock...
SessionPaths, LADZERON:   	Got exclusive lock of /var/www/html/session.madeline/lightState.php.lock...
APIWrapper, LADZERON:     	Saved session!
Session, LADZERON:        	Garbage collected 162 incoming messages in DC 2, 0 left
Session, LADZERON:        	Garbage collected 170 outgoing messages in DC 2, 0 left
MsgIdHandler, LADZERON:   	Zend hashmap reallocation done. Cleaned memory: 0.2 Mb
UpdateHandler, LADZERON:  	Parsing updates (updateShort) received via the socket...
FeedLoop, LADZERON:       	Resumed update feed loop generic
UpdateHandler, LADZERON:  	Saving update of type updateChannelMessageViews
UpdateHandler, LADZERON:  	Parsing updates (updateShort) received via the socket...
UpdateHandler, LADZERON:  	Parsing updates (updateShort) received via the socket...
FeedLoop, LADZERON:       	Resumed update feed loop generic
UpdateHandler, LADZERON:  	Saving update of type updateUserStatus
UpdateHandler, LADZERON:  	Saving update of type updateMessagePoll
Session, LADZERON:        	Garbage collected 174 incoming messages in DC 2, 0 left
Session, LADZERON:        	Garbage collected 179 outgoing messages in DC 2, 0 left
MsgIdHandler, LADZERON:   	Zend hashmap reallocation done. Cleaned memory: 0.2 Mb
UpdateHandler, LADZERON:  	Parsing updates (updateShort) received via the socket...
UpdateHandler, LADZERON:  	Parsing updates (updateShort) received via the socket...
FeedLoop, LADZERON:       	Resumed update feed loop generic
UpdateHandler, LADZERON:  	Saving update of type updateUserStatus
UpdateHandler, LADZERON:  	Saving update of type updateMessagePoll
UpdateHandler, LADZERON:  	Parsing updates (updateShort) received via the socket...
FeedLoop, LADZERON:       	Resumed update feed loop generic
UpdateHandler, LADZERON:  	Saving update of type updateMessagePoll
UpdateHandler, LADZERON:  	Parsing updates (updateShort) received via the socket...
FeedLoop, LADZERON:       	Resumed update feed loop generic
UpdateHandler, LADZERON:  	Saving update of type updateUserStatus
FeedLoop, LADZERON:       	Resumed update feed loop channel 1307866449
FeedLoop, LADZERON:       	Got channel too long update, getting difference...
FeedLoop, LADZERON:       	Resumed update feed loop channel 1307866449
UpdateHandler, LADZERON:  	Saving update of type updateEditChannelMessage
UpdateHandler, LADZERON:  	Parsing updates (updates) received via the socket...
SeqLoop, LADZERON:        	Was fed updates of type updates...
FeedLoop, LADZERON:       	Resumed update feed loop channel 1307866449
PingLoop, LADZERON:       	Ping DC 2.0
Session, LADZERON:        	Garbage collected 180 incoming messages in DC 2, 0 left
Session, LADZERON:        	Garbage collected 176 outgoing messages in DC 2, 1 left
MsgIdHandler, LADZERON:   	Zend hashmap reallocation done. Cleaned memory: 0.2 Mb
FeedLoop, LADZERON:       	Resumed update feed loop channel 1307866449
FeedLoop, LADZERON:       	Got channel too long update, getting difference...
SessionPaths, LADZERON:   	Waiting for exclusive lock of /var/www/html/session.madeline/safe.php.lock...
SessionPaths, LADZERON:   	Got exclusive lock of /var/www/html/session.madeline/safe.php.lock...
SessionPaths, LADZERON:   	Waiting for exclusive lock of /var/www/html/session.madeline/lightState.php.lock...
SessionPaths, LADZERON:   	Got exclusive lock of /var/www/html/session.madeline/lightState.php.lock...
APIWrapper, LADZERON:     	Saved session!
UpdateHandler, LADZERON:  	Parsing updates (updateShort) received via the socket...
FeedLoop, LADZERON:       	Resumed update feed loop generic
UpdateHandler, LADZERON:  	Saving update of type updateMessagePoll
Session, LADZERON:        	Garbage collected 164 incoming messages in DC 2, 0 left
Session, LADZERON:        	Garbage collected 176 outgoing messages in DC 2, 0 left
MsgIdHandler, LADZERON:   	Zend hashmap reallocation done. Cleaned memory: 0.2 Mb
UpdateHandler, LADZERON:  	Parsing updates (updateShort) received via the socket...
FeedLoop, LADZERON:       	Resumed update feed loop generic
UpdateHandler, LADZERON:  	Saving update of type updateUserStatus
UpdateHandler, LADZERON:  	Parsing updates (updateShort) received via the socket...
FeedLoop, LADZERON:       	Resumed update feed loop generic
UpdateHandler, LADZERON:  	Saving update of type updateUserStatus
UpdateHandler, LADZERON:  	Parsing updates (updateShort) received via the socket...
FeedLoop, LADZERON:       	Resumed update feed loop generic
UpdateHandler, LADZERON:  	Saving update of type updateChannelUserTyping
UpdateHandler, LADZERON:  	Parsing updates (updates) received via the socket...
SeqLoop, LADZERON:        	Was fed updates of type updates...
FeedLoop, LADZERON:       	Resumed update feed loop channel 1422174102
UpdateHandler, LADZERON:  	Saving update of type updateNewChannelMessage
Session, LADZERON:        	Garbage collected 170 incoming messages in DC 2, 0 left
Session, LADZERON:        	Garbage collected 173 outgoing messages in DC 2, 0 left
MsgIdHandler, LADZERON:   	Zend hashmap reallocation done. Cleaned memory: 0.2 Mb
UpdateHandler, LADZERON:  	Parsing updates (updateShort) received via the socket...
FeedLoop, LADZERON:       	Resumed update feed loop channel 1422174102
UpdateHandler, LADZERON:  	Saving update of type updateDeleteChannelMessages
FeedLoop, LADZERON:       	Resumed update feed loop channel 1422174102
FeedLoop, LADZERON:       	Got channel too long update, getting difference...
FeedLoop, LADZERON:       	Resumed update feed loop channel 1233777422
UpdateHandler, LADZERON:  	Saving update of type updateEditChannelMessage
UpdateHandler, LADZERON:  	Parsing updates (updates) received via the socket...
SeqLoop, LADZERON:        	Was fed updates of type updates...
FeedLoop, LADZERON:       	Resumed update feed loop channel 1422174102
UpdateHandler, LADZERON:  	Saving update of type updateNewChannelMessage
UpdateHandler, LADZERON:  	Parsing updates (updateShort) received via the socket...
FeedLoop, LADZERON:       	Resumed update feed loop generic
UpdateHandler, LADZERON:  	Saving update of type updateChannelUserTyping
UpdateHandler, LADZERON:  	Parsing updates (updates) received via the socket...
SeqLoop, LADZERON:        	Was fed updates of type updates...
FeedLoop, LADZERON:       	Resumed update feed loop channel 1233777422
Session, LADZERON:        	Garbage collected 168 incoming messages in DC 2, 0 left
Session, LADZERON:        	Garbage collected 176 outgoing messages in DC 2, 0 left
MsgIdHandler, LADZERON:   	Zend hashmap reallocation done. Cleaned memory: 0.2 Mb
FeedLoop, LADZERON:       	Resumed update feed loop channel 1422174102
UpdateHandler, LADZERON:  	Parsing updates (updateShort) received via the socket...
FeedLoop, LADZERON:       	Resumed update feed loop generic
UpdateHandler, LADZERON:  	Saving update of type updateChannelUserTyping
SessionPaths, LADZERON:   	Waiting for exclusive lock of /var/www/html/session.madeline/safe.php.lock...
SessionPaths, LADZERON:   	Got exclusive lock of /var/www/html/session.madeline/safe.php.lock...
SessionPaths, LADZERON:   	Waiting for exclusive lock of /var/www/html/session.madeline/lightState.php.lock...
SessionPaths, LADZERON:   	Got exclusive lock of /var/www/html/session.madeline/lightState.php.lock...
APIWrapper, LADZERON:     	Saved session!
UpdateHandler, LADZERON:  	Parsing updates (updateShort) received via the socket...
UpdateHandler, LADZERON:  	Parsing updates (updates) received via the socket...
SeqLoop, LADZERON:        	Was fed updates of type updates...
FeedLoop, LADZERON:       	Resumed update feed loop generic
UpdateHandler, LADZERON:  	Saving update of type updateUserStatus
UpdateHandler, LADZERON:  	Parsing updates (updates) received via the socket...
SeqLoop, LADZERON:        	Was fed updates of type updates...
FeedLoop, LADZERON:       	Resumed update feed loop channel 1192373108
UpdateHandler, LADZERON:  	Saving update of type updateNewChannelMessage
FeedLoop, LADZERON:       	Resumed update feed loop channel 1192373108
UpdateHandler, LADZERON:  	Saving update of type updateNewChannelMessage
UpdateHandler, LADZERON:  	Parsing updates (updateShort) received via the socket...
UpdateHandler, LADZERON:  	Parsing updates (updates) received via the socket...
SeqLoop, LADZERON:        	Was fed updates of type updates...
FeedLoop, LADZERON:       	Resumed update feed loop generic
UpdateHandler, LADZERON:  	Saving update of type updateUserStatus
FeedLoop, LADZERON:       	Resumed update feed loop channel 1192373108
UpdateHandler, LADZERON:  	Saving update of type updateEditChannelMessage
UpdateHandler, LADZERON:  	Parsing updates (updateShort) received via the socket...
UpdateHandler, LADZERON:  	Parsing updates (updates) received via the socket...
SeqLoop, LADZERON:        	Was fed updates of type updates...
FeedLoop, LADZERON:       	Resumed update feed loop generic
UpdateHandler, LADZERON:  	Saving update of type updateUserStatus
FeedLoop, LADZERON:       	Resumed update feed loop channel 1192373108
UpdateHandler, LADZERON:  	Saving update of type updateEditChannelMessage
UpdateHandler, LADZERON:  	Parsing updates (updateShort) received via the socket...
FeedLoop, LADZERON:       	Resumed update feed loop generic
UpdateHandler, LADZERON:  	Saving update of type updateUserStatus
UpdateHandler, LADZERON:  	Parsing updates (updateShort) received via the socket...
FeedLoop, LADZERON:       	Resumed update feed loop generic
UpdateHandler, LADZERON:  	Saving update of type updateChannelUserTyping
Session, LADZERON:        	Garbage collected 187 incoming messages in DC 2, 0 left
Session, LADZERON:        	Garbage collected 175 outgoing messages in DC 2, 0 left
MsgIdHandler, LADZERON:   	Zend hashmap reallocation done. Cleaned memory: 0.2 Mb
UpdateHandler, LADZERON:  	Parsing updates (updates) received via the socket...
SeqLoop, LADZERON:        	Was fed updates of type updates...
FeedLoop, LADZERON:       	Resumed update feed loop channel 1422174102
UpdateHandler, LADZERON:  	Saving update of type updateNewChannelMessage
FeedLoop, LADZERON:       	Resumed update feed loop channel 1422174102
UpdateHandler, LADZERON:  	Parsing updates (updateShort) received via the socket...
FeedLoop, LADZERON:       	Resumed update feed loop generic
UpdateHandler, LADZERON:  	Saving update of type updateChannelUserTyping
UpdateHandler, LADZERON:  	Parsing updates (updates) received via the socket...
SeqLoop, LADZERON:        	Was fed updates of type updates...
FeedLoop, LADZERON:       	Resumed update feed loop channel 1422174102
UpdateHandler, LADZERON:  	Saving update of type updateNewChannelMessage
UpdateHandler, LADZERON:  	Parsing updates (updateShort) received via the socket...
FeedLoop, LADZERON:       	Resumed update feed loop generic
UpdateHandler, LADZERON:  	Saving update of type updateUserStatus
UpdateHandler, LADZERON:  	Parsing updates (updates) received via the socket...
SeqLoop, LADZERON:        	Was fed updates of type updates...
FeedLoop, LADZERON:       	Resumed update feed loop channel 1192373108
UpdateHandler, LADZERON:  	Saving update of type updateEditChannelMessage
Session, LADZERON:        	Garbage collected 185 incoming messages in DC 2, 0 left
Session, LADZERON:        	Garbage collected 185 outgoing messages in DC 2, 0 left
MsgIdHandler, LADZERON:   	Zend hashmap reallocation done. Cleaned memory: 0.2 Mb
UpdateHandler, LADZERON:  	Parsing updates (updateShort) received via the socket...
UpdateHandler, LADZERON:  	Parsing updates (updateShort) received via the socket...
FeedLoop, LADZERON:       	Resumed update feed loop generic
UpdateHandler, LADZERON:  	Saving update of type updateUserStatus
UpdateHandler, LADZERON:  	Saving update of type updateMessagePoll
UpdateHandler, LADZERON:  	Parsing updates (updateShort) received via the socket...
FeedLoop, LADZERON:       	Resumed update feed loop generic
UpdateHandler, LADZERON:  	Saving update of type updateUserStatus
FeedLoop, LADZERON:       	Resumed update feed loop channel 1192373108
FeedLoop, LADZERON:       	Got channel too long update, getting difference...
UpdateHandler, LADZERON:  	Parsing updates (updateShort) received via the socket...
FeedLoop, LADZERON:       	Resumed update feed loop generic
UpdateHandler, LADZERON:  	Saving update of type updateUserStatus
UpdateHandler, LADZERON:  	Parsing updates (updates) received via the socket...
SeqLoop, LADZERON:        	Was fed updates of type updates...
FeedLoop, LADZERON:       	Resumed update feed loop channel 1503191216
UpdateHandler, LADZERON:  	Saving update of type updateEditChannelMessage
UpdateHandler, LADZERON:  	Parsing updates (updateShort) received via the socket...
FeedLoop, LADZERON:       	Resumed update feed loop generic
UpdateHandler, LADZERON:  	Saving update of type updateChannelUserTyping
PingLoop, LADZERON:       	Ping DC 2.0
Session, LADZERON:        	Garbage collected 185 incoming messages in DC 2, 0 left
Session, LADZERON:        	Garbage collected 179 outgoing messages in DC 2, 1 left
MsgIdHandler, LADZERON:   	Zend hashmap reallocation done. Cleaned memory: 0.2 Mb
UpdateHandler, LADZERON:  	Parsing updates (updates) received via the socket...
SeqLoop, LADZERON:        	Was fed updates of type updates...
FeedLoop, LADZERON:       	Resumed update feed loop channel 1422174102
UpdateHandler, LADZERON:  	Saving update of type updateNewChannelMessage
UpdateHandler, LADZERON:  	Parsing updates (updateShort) received via the socket...
FeedLoop, LADZERON:       	Resumed update feed loop channel 1530545942
UpdateHandler, LADZERON:  	Saving update of type updateDeleteChannelMessages
FeedLoop, LADZERON:       	Resumed update feed loop channel 1422174102
SessionPaths, LADZERON:   	Waiting for exclusive lock of /var/www/html/session.madeline/safe.php.lock...
SessionPaths, LADZERON:   	Got exclusive lock of /var/www/html/session.madeline/safe.php.lock...
SessionPaths, LADZERON:   	Waiting for exclusive lock of /var/www/html/session.madeline/lightState.php.lock...
SessionPaths, LADZERON:   	Got exclusive lock of /var/www/html/session.madeline/lightState.php.lock...
APIWrapper, LADZERON:     	Saved session!
UpdateHandler, LADZERON:  	Parsing updates (updateShort) received via the socket...
FeedLoop, LADZERON:       	Resumed update feed loop generic
UpdateHandler, LADZERON:  	Saving update of type updateChannelUserTyping
Session, LADZERON:        	Garbage collected 170 incoming messages in DC 2, 0 left
Session, LADZERON:        	Garbage collected 171 outgoing messages in DC 2, 0 left
MsgIdHandler, LADZERON:   	Zend hashmap reallocation done. Cleaned memory: 0.2 Mb
UpdateHandler, LADZERON:  	Parsing updates (updates) received via the socket...
SeqLoop, LADZERON:        	Was fed updates of type updates...
FeedLoop, LADZERON:       	Resumed update feed loop channel 1422174102
UpdateHandler, LADZERON:  	Saving update of type updateNewChannelMessage
FeedLoop, LADZERON:       	Resumed update feed loop channel 1422174102
UpdateHandler, LADZERON:  	Parsing updates (updateShort) received via the socket...
FeedLoop, LADZERON:       	Resumed update feed loop generic
UpdateHandler, LADZERON:  	Saving update of type updateMessagePoll
Session, LADZERON:        	Garbage collected 174 incoming messages in DC 2, 0 left
Session, LADZERON:        	Garbage collected 190 outgoing messages in DC 2, 0 left
MsgIdHandler, LADZERON:   	Zend hashmap reallocation done. Cleaned memory: 0.2 Mb
UpdateHandler, LADZERON:  	Parsing updates (updateShort) received via the socket...
FeedLoop, LADZERON:       	Resumed update feed loop generic
UpdateHandler, LADZERON:  	Saving update of type updateMessagePoll
Session, LADZERON:        	Garbage collected 171 incoming messages in DC 2, 0 left
Session, LADZERON:        	Garbage collected 181 outgoing messages in DC 2, 2 left
MsgIdHandler, LADZERON:   	Zend hashmap reallocation done. Cleaned memory: 0.2 Mb
FeedLoop, LADZERON:       	Resumed update feed loop channel 1307866449
FeedLoop, LADZERON:       	Got channel too long update, getting difference...
FeedLoop, LADZERON:       	Resumed update feed loop channel 1307866449
UpdateHandler, LADZERON:  	Saving update of type updateEditChannelMessage
SessionPaths, LADZERON:   	Waiting for exclusive lock of /var/www/html/session.madeline/safe.php.lock...
SessionPaths, LADZERON:   	Got exclusive lock of /var/www/html/session.madeline/safe.php.lock...
SessionPaths, LADZERON:   	Waiting for exclusive lock of /var/www/html/session.madeline/lightState.php.lock...
SessionPaths, LADZERON:   	Got exclusive lock of /var/www/html/session.madeline/lightState.php.lock...
APIWrapper, LADZERON:     	Saved session!
Session, LADZERON:        	Garbage collected 180 incoming messages in DC 2, 0 left
Session, LADZERON:        	Garbage collected 175 outgoing messages in DC 2, 0 left
MsgIdHandler, LADZERON:   	Zend hashmap reallocation done. Cleaned memory: 0.2 Mb
UpdateHandler, LADZERON:  	Parsing updates (updates) received via the socket...
SeqLoop, LADZERON:        	Was fed updates of type updates...
FeedLoop, LADZERON:       	Resumed update feed loop channel 1307866449
UpdateHandler, LADZERON:  	Parsing updates (updateShort) received via the socket...
FeedLoop, LADZERON:       	Resumed update feed loop generic
UpdateHandler, LADZERON:  	Saving update of type updateMessagePoll
Session, LADZERON:        	Garbage collected 171 incoming messages in DC 2, 0 left
Session, LADZERON:        	Garbage collected 180 outgoing messages in DC 2, 0 left
MsgIdHandler, LADZERON:   	Zend hashmap reallocation done. Cleaned memory: 0.2 Mb
UpdateHandler, LADZERON:  	Parsing updates (updateShort) received via the socket...
FeedLoop, LADZERON:       	Resumed update feed loop generic
UpdateHandler, LADZERON:  	Saving update of type updateChannelMessageViews
UpdateHandler, LADZERON:  	Parsing updates (updates) received via the socket...
SeqLoop, LADZERON:        	Was fed updates of type updates...
FeedLoop, LADZERON:       	Resumed update feed loop channel 1672338896
UpdateHandler, LADZERON:  	Saving update of type updateEditChannelMessage
FeedLoop, LADZERON:       	Resumed update feed loop channel 1672338896
FeedLoop, LADZERON:       	Got channel too long update, getting difference...
UpdateHandler, LADZERON:  	Parsing updates (updateShort) received via the socket...
UpdateHandler, LADZERON:  	Parsing updates (updateShort) received via the socket...
FeedLoop, LADZERON:       	Resumed update feed loop generic
UpdateHandler, LADZERON:  	Saving update of type updateUserStatus
UpdateHandler, LADZERON:  	Saving update of type updateMessagePoll
PingLoop, LADZERON:       	Ping DC 2.0
Session, LADZERON:        	Garbage collected 174 incoming messages in DC 2, 0 left
Session, LADZERON:        	Garbage collected 174 outgoing messages in DC 2, 1 left
MsgIdHandler, LADZERON:   	Zend hashmap reallocation done. Cleaned memory: 0.2 Mb
UpdateHandler, LADZERON:  	Parsing updates (updates) received via the socket...
SeqLoop, LADZERON:        	Was fed updates of type updates...
FeedLoop, LADZERON:       	Resumed update feed loop channel 1641352096
UpdateHandler, LADZERON:  	Saving update of type updateNewChannelMessage
FeedLoop, LADZERON:       	Resumed update feed loop channel 1641352096
UpdateHandler, LADZERON:  	Parsing updates (updateShort) received via the socket...
FeedLoop, LADZERON:       	Resumed update feed loop generic
UpdateHandler, LADZERON:  	Saving update of type updateUserStatus
SessionPaths, LADZERON:   	Waiting for exclusive lock of /var/www/html/session.madeline/safe.php.lock...
SessionPaths, LADZERON:   	Got exclusive lock of /var/www/html/session.madeline/safe.php.lock...
SessionPaths, LADZERON:   	Waiting for exclusive lock of /var/www/html/session.madeline/lightState.php.lock...
SessionPaths, LADZERON:   	Got exclusive lock of /var/www/html/session.madeline/lightState.php.lock...
APIWrapper, LADZERON:     	Saved session!
Session, LADZERON:        	Garbage collected 172 incoming messages in DC 2, 0 left
Session, LADZERON:        	Garbage collected 177 outgoing messages in DC 2, 0 left
MsgIdHandler, LADZERON:   	Zend hashmap reallocation done. Cleaned memory: 0.2 Mb
UpdateHandler, LADZERON:  	Parsing updates (updates) received via the socket...
SeqLoop, LADZERON:        	Was fed updates of type updates...
FeedLoop, LADZERON:       	Resumed update feed loop channel 1134948258
UpdateHandler, LADZERON:  	Saving update of type updateNewChannelMessage
FeedLoop, LADZERON:       	Resumed update feed loop channel 1134948258
UpdateHandler, LADZERON:  	Parsing updates (updates) received via the socket...
SeqLoop, LADZERON:        	Was fed updates of type updates...
FeedLoop, LADZERON:       	Resumed update feed loop channel 1134948258
UpdateHandler, LADZERON:  	Saving update of type updateEditChannelMessage
UpdateHandler, LADZERON:  	Parsing updates (updates) received via the socket...
SeqLoop, LADZERON:        	Was fed updates of type updates...
FeedLoop, LADZERON:       	Resumed update feed loop channel 1422174102
UpdateHandler, LADZERON:  	Saving update of type updateEditChannelMessage
UpdateHandler, LADZERON:  	Parsing updates (updateShort) received via the socket...
FeedLoop, LADZERON:       	Resumed update feed loop generic
UpdateHandler, LADZERON:  	Saving update of type updateUserStatus
UpdateHandler, LADZERON:  	Parsing updates (updateShort) received via the socket...
UpdateHandler, LADZERON:  	Parsing updates (updates) received via the socket...
SeqLoop, LADZERON:        	Was fed updates of type updates...
FeedLoop, LADZERON:       	Resumed update feed loop generic
UpdateHandler, LADZERON:  	Saving update of type updateUserStatus
FeedLoop, LADZERON:       	Resumed update feed loop channel 1134948258
UpdateHandler, LADZERON:  	Saving update of type updateEditChannelMessage
Session, LADZERON:        	Garbage collected 180 incoming messages in DC 2, 0 left
Session, LADZERON:        	Garbage collected 171 outgoing messages in DC 2, 0 left
MsgIdHandler, LADZERON:   	Zend hashmap reallocation done. Cleaned memory: 0.2 Mb
UpdateHandler, LADZERON:  	Parsing updates (updateShort) received via the socket...
UpdateHandler, LADZERON:  	Parsing updates (updateShort) received via the socket...
FeedLoop, LADZERON:       	Resumed update feed loop generic
UpdateHandler, LADZERON:  	Saving update of type updateUserStatus
UpdateHandler, LADZERON:  	Saving update of type updateMessagePoll
UpdateHandler, LADZERON:  	Parsing updates (updates) received via the socket...
SeqLoop, LADZERON:        	Was fed updates of type updates...
UpdateHandler, LADZERON:  	Parsing updates (updates) received via the socket...
SeqLoop, LADZERON:        	Was fed updates of type updates...
FeedLoop, LADZERON:       	Resumed update feed loop channel 1527486405
UpdateHandler, LADZERON:  	Saving update of type updateNewChannelMessage
FeedLoop, LADZERON:       	Resumed update feed loop channel 1527486405
UpdateHandler, LADZERON:  	Saving update of type updateNewChannelMessage
UpdateHandler, LADZERON:  	Parsing updates (updateShort) received via the socket...
FeedLoop, LADZERON:       	Resumed update feed loop generic
UpdateHandler, LADZERON:  	Saving update of type updateUserStatus
FeedLoop, LADZERON:       	Resumed update feed loop channel 1527486405
UpdateHandler, LADZERON:  	Parsing updates (updateShort) received via the socket...
FeedLoop, LADZERON:       	Resumed update feed loop generic
UpdateHandler, LADZERON:  	Saving update of type updateUserStatus
Session, LADZERON:        	Garbage collected 187 incoming messages in DC 2, 0 left
Session, LADZERON:        	Garbage collected 169 outgoing messages in DC 2, 0 left
MsgIdHandler, LADZERON:   	Zend hashmap reallocation done. Cleaned memory: 0.2 Mb
UpdateHandler, LADZERON:  	Parsing updates (updateShort) received via the socket...
UpdateHandler, LADZERON:  	Parsing updates (updateShort) received via the socket...
FeedLoop, LADZERON:       	Resumed update feed loop generic
UpdateHandler, LADZERON:  	Saving update of type updateUserStatus
UpdateHandler, LADZERON:  	Saving update of type updateMessagePoll
UpdateHandler, LADZERON:  	Parsing updates (updates) received via the socket...
SeqLoop, LADZERON:        	Was fed updates of type updates...
FeedLoop, LADZERON:       	Resumed update feed loop channel 1802360559
UpdateHandler, LADZERON:  	Saving update of type updateNewChannelMessage
